<?xml version="1.0" encoding="UTF-8"?>
<testng-results ignored="0" total="1" passed="1" failed="0" skipped="0">
  <reporter-output>
  </reporter-output>
  <suite started-at="2022-06-15T22:12:50 EDT" name="Default suite" finished-at="2022-06-15T22:13:31 EDT" duration-ms="40516">
    <groups>
    </groups>
    <test started-at="2022-06-15T22:12:50 EDT" name="Default test" finished-at="2022-06-15T22:13:31 EDT" duration-ms="40516">
      <class name="keyworddrivenframework.Application">
        <test-method signature="verifyInvalidLogin()[pri:0, instance:keyworddrivenframework.Application@6da21078]" started-at="2022-06-15T22:12:50 EDT" name="verifyInvalidLogin" finished-at="2022-06-15T22:13:31 EDT" duration-ms="40462" status="PASS">
          <reporter-output>
          </reporter-output>
        </test-method> <!-- verifyInvalidLogin -->
      </class> <!-- keyworddrivenframework.Application -->
    </test> <!-- Default test -->
  </suite> <!-- Default suite -->
</testng-results>
